2021-01-15 09:17:18 [Thread-28] ERROR c.n.d.s.t.decorator.RedirectingEurekaHttpClient -Request execution error
com.sun.jersey.api.client.ClientHandlerException: java.net.ConnectException: Connection refused: connect
	at com.sun.jersey.client.apache4.ApacheHttpClient4Handler.handle(ApacheHttpClient4Handler.java:187) ~[jersey-apache-client4-1.19.1.jar:1.19.1]
	at com.sun.jersey.api.client.filter.GZIPContentEncodingFilter.handle(GZIPContentEncodingFilter.java:123) ~[jersey-client-1.19.1.jar:1.19.1]
	at com.netflix.discovery.EurekaIdentityHeaderFilter.handle(EurekaIdentityHeaderFilter.java:27) ~[eureka-client-1.9.2.jar:1.9.2]
	at com.sun.jersey.api.client.Client.handle(Client.java:652) ~[jersey-client-1.19.1.jar:1.19.1]
	at com.sun.jersey.api.client.WebResource.handle(WebResource.java:682) ~[jersey-client-1.19.1.jar:1.19.1]
	at com.sun.jersey.api.client.WebResource.access$200(WebResource.java:74) ~[jersey-client-1.19.1.jar:1.19.1]
	at com.sun.jersey.api.client.WebResource$Builder.delete(WebResource.java:591) ~[jersey-client-1.19.1.jar:1.19.1]
	at com.netflix.discovery.shared.transport.jersey.AbstractJerseyEurekaHttpClient.cancel(AbstractJerseyEurekaHttpClient.java:76) ~[eureka-client-1.9.2.jar:1.9.2]
	at com.netflix.discovery.shared.transport.decorator.EurekaHttpClientDecorator$2.execute(EurekaHttpClientDecorator.java:74) [eureka-client-1.9.2.jar:1.9.2]
	at com.netflix.discovery.shared.transport.decorator.MetricsCollectingEurekaHttpClient.execute(MetricsCollectingEurekaHttpClient.java:73) ~[eureka-client-1.9.2.jar:1.9.2]
	at com.netflix.discovery.shared.transport.decorator.EurekaHttpClientDecorator.cancel(EurekaHttpClientDecorator.java:71) [eureka-client-1.9.2.jar:1.9.2]
	at com.netflix.discovery.shared.transport.decorator.EurekaHttpClientDecorator$2.execute(EurekaHttpClientDecorator.java:74) [eureka-client-1.9.2.jar:1.9.2]
	at com.netflix.discovery.shared.transport.decorator.RedirectingEurekaHttpClient.executeOnNewServer(RedirectingEurekaHttpClient.java:118) ~[eureka-client-1.9.2.jar:1.9.2]
	at com.netflix.discovery.shared.transport.decorator.RedirectingEurekaHttpClient.execute(RedirectingEurekaHttpClient.java:79) ~[eureka-client-1.9.2.jar:1.9.2]
	at com.netflix.discovery.shared.transport.decorator.EurekaHttpClientDecorator.cancel(EurekaHttpClientDecorator.java:71) [eureka-client-1.9.2.jar:1.9.2]
	at com.netflix.discovery.shared.transport.decorator.EurekaHttpClientDecorator$2.execute(EurekaHttpClientDecorator.java:74) [eureka-client-1.9.2.jar:1.9.2]
	at com.netflix.discovery.shared.transport.decorator.RetryableEurekaHttpClient.execute(RetryableEurekaHttpClient.java:120) [eureka-client-1.9.2.jar:1.9.2]
	at com.netflix.discovery.shared.transport.decorator.EurekaHttpClientDecorator.cancel(EurekaHttpClientDecorator.java:71) [eureka-client-1.9.2.jar:1.9.2]
	at com.netflix.discovery.shared.transport.decorator.EurekaHttpClientDecorator$2.execute(EurekaHttpClientDecorator.java:74) [eureka-client-1.9.2.jar:1.9.2]
	at com.netflix.discovery.shared.transport.decorator.SessionedEurekaHttpClient.execute(SessionedEurekaHttpClient.java:77) [eureka-client-1.9.2.jar:1.9.2]
	at com.netflix.discovery.shared.transport.decorator.EurekaHttpClientDecorator.cancel(EurekaHttpClientDecorator.java:71) [eureka-client-1.9.2.jar:1.9.2]
	at com.netflix.discovery.DiscoveryClient.unregister(DiscoveryClient.java:923) [eureka-client-1.9.2.jar:1.9.2]
	at com.netflix.discovery.DiscoveryClient.shutdown(DiscoveryClient.java:901) [eureka-client-1.9.2.jar:1.9.2]
	at sun.reflect.NativeMethodAccessorImpl.invoke0(Native Method) ~[na:1.8.0_261]
	at sun.reflect.NativeMethodAccessorImpl.invoke(NativeMethodAccessorImpl.java:62) ~[na:1.8.0_261]
	at sun.reflect.DelegatingMethodAccessorImpl.invoke(DelegatingMethodAccessorImpl.java:43) ~[na:1.8.0_261]
	at java.lang.reflect.Method.invoke(Method.java:498) ~[na:1.8.0_261]
	at org.springframework.util.ReflectionUtils.invokeMethod(ReflectionUtils.java:223) [spring-core-5.0.8.RELEASE.jar:5.0.8.RELEASE]
	at org.springframework.cloud.context.scope.GenericScope$LockedScopedProxyFactoryBean.invoke(GenericScope.java:494) [spring-cloud-context-2.0.0.RELEASE.jar:2.0.0.RELEASE]
	at org.springframework.aop.framework.ReflectiveMethodInvocation.proceed(ReflectiveMethodInvocation.java:185) [spring-aop-5.0.8.RELEASE.jar:5.0.8.RELEASE]
	at org.springframework.aop.framework.JdkDynamicAopProxy.invoke(JdkDynamicAopProxy.java:212) [spring-aop-5.0.8.RELEASE.jar:5.0.8.RELEASE]
	at com.sun.proxy.$Proxy131.shutdown(Unknown Source) [na:na]
	at org.springframework.cloud.netflix.eureka.serviceregistry.EurekaRegistration.close(EurekaRegistration.java:207) [spring-cloud-netflix-eureka-client-2.0.0.RELEASE.jar:2.0.0.RELEASE]
	at sun.reflect.NativeMethodAccessorImpl.invoke0(Native Method) ~[na:1.8.0_261]
	at sun.reflect.NativeMethodAccessorImpl.invoke(NativeMethodAccessorImpl.java:62) ~[na:1.8.0_261]
	at sun.reflect.DelegatingMethodAccessorImpl.invoke(DelegatingMethodAccessorImpl.java:43) ~[na:1.8.0_261]
	at java.lang.reflect.Method.invoke(Method.java:498) ~[na:1.8.0_261]
	at org.springframework.beans.factory.support.DisposableBeanAdapter.invokeCustomDestroyMethod(DisposableBeanAdapter.java:337) [spring-beans-5.0.8.RELEASE.jar:5.0.8.RELEASE]
	at org.springframework.beans.factory.support.DisposableBeanAdapter.destroy(DisposableBeanAdapter.java:271) [spring-beans-5.0.8.RELEASE.jar:5.0.8.RELEASE]
	at org.springframework.beans.factory.support.DefaultSingletonBeanRegistry.destroyBean(DefaultSingletonBeanRegistry.java:571) [spring-beans-5.0.8.RELEASE.jar:5.0.8.RELEASE]
	at org.springframework.beans.factory.support.DefaultSingletonBeanRegistry.destroySingleton(DefaultSingletonBeanRegistry.java:543) [spring-beans-5.0.8.RELEASE.jar:5.0.8.RELEASE]
	at org.springframework.beans.factory.support.DefaultListableBeanFactory.destroySingleton(DefaultListableBeanFactory.java:954) [spring-beans-5.0.8.RELEASE.jar:5.0.8.RELEASE]
	at org.springframework.beans.factory.support.DefaultSingletonBeanRegistry.destroySingletons(DefaultSingletonBeanRegistry.java:504) [spring-beans-5.0.8.RELEASE.jar:5.0.8.RELEASE]
	at org.springframework.beans.factory.support.DefaultListableBeanFactory.destroySingletons(DefaultListableBeanFactory.java:961) [spring-beans-5.0.8.RELEASE.jar:5.0.8.RELEASE]
	at org.springframework.context.support.AbstractApplicationContext.destroyBeans(AbstractApplicationContext.java:1041) [spring-context-5.0.8.RELEASE.jar:5.0.8.RELEASE]
	at org.springframework.context.support.AbstractApplicationContext.doClose(AbstractApplicationContext.java:1017) [spring-context-5.0.8.RELEASE.jar:5.0.8.RELEASE]
	at org.springframework.context.support.AbstractApplicationContext$1.run(AbstractApplicationContext.java:937) [spring-context-5.0.8.RELEASE.jar:5.0.8.RELEASE]
Caused by: java.net.ConnectException: Connection refused: connect
	at java.net.DualStackPlainSocketImpl.waitForConnect(Native Method) ~[na:1.8.0_261]
	at java.net.DualStackPlainSocketImpl.socketConnect(DualStackPlainSocketImpl.java:81) ~[na:1.8.0_261]
	at java.net.AbstractPlainSocketImpl.doConnect(AbstractPlainSocketImpl.java:476) ~[na:1.8.0_261]
	at java.net.AbstractPlainSocketImpl.connectToAddress(AbstractPlainSocketImpl.java:218) ~[na:1.8.0_261]
	at java.net.AbstractPlainSocketImpl.connect(AbstractPlainSocketImpl.java:200) ~[na:1.8.0_261]
	at java.net.PlainSocketImpl.connect(PlainSocketImpl.java:162) ~[na:1.8.0_261]
	at java.net.SocksSocketImpl.connect(SocksSocketImpl.java:394) ~[na:1.8.0_261]
	at java.net.Socket.connect(Socket.java:606) ~[na:1.8.0_261]
	at org.apache.http.conn.scheme.PlainSocketFactory.connectSocket(PlainSocketFactory.java:121) ~[httpclient-4.5.6.jar:4.5.6]
	at org.apache.http.impl.conn.DefaultClientConnectionOperator.openConnection(DefaultClientConnectionOperator.java:180) ~[httpclient-4.5.6.jar:4.5.6]
	at org.apache.http.impl.conn.AbstractPoolEntry.open(AbstractPoolEntry.java:144) ~[httpclient-4.5.6.jar:4.5.6]
	at org.apache.http.impl.conn.AbstractPooledConnAdapter.open(AbstractPooledConnAdapter.java:134) ~[httpclient-4.5.6.jar:4.5.6]
	at org.apache.http.impl.client.DefaultRequestDirector.tryConnect(DefaultRequestDirector.java:610) ~[httpclient-4.5.6.jar:4.5.6]
	at org.apache.http.impl.client.DefaultRequestDirector.execute(DefaultRequestDirector.java:445) ~[httpclient-4.5.6.jar:4.5.6]
	at org.apache.http.impl.client.AbstractHttpClient.doExecute(AbstractHttpClient.java:835) ~[httpclient-4.5.6.jar:4.5.6]
	at org.apache.http.impl.client.CloseableHttpClient.execute(CloseableHttpClient.java:118) ~[httpclient-4.5.6.jar:4.5.6]
	at org.apache.http.impl.client.CloseableHttpClient.execute(CloseableHttpClient.java:56) ~[httpclient-4.5.6.jar:4.5.6]
	at com.sun.jersey.client.apache4.ApacheHttpClient4Handler.handle(ApacheHttpClient4Handler.java:173) ~[jersey-apache-client4-1.19.1.jar:1.19.1]
	... 46 common frames omitted
2021-01-15 09:17:18 [Thread-28] WARN  c.n.d.s.t.decorator.RetryableEurekaHttpClient -Request execution failed with message: java.net.ConnectException: Connection refused: connect
2021-01-15 09:17:18 [Thread-28] ERROR com.netflix.discovery.DiscoveryClient -DiscoveryClient_UCENTER/192.168.0.29:ucenter:9001 - de-registration failedCannot execute request on any known server
com.netflix.discovery.shared.transport.TransportException: Cannot execute request on any known server
	at com.netflix.discovery.shared.transport.decorator.RetryableEurekaHttpClient.execute(RetryableEurekaHttpClient.java:112) ~[eureka-client-1.9.2.jar:1.9.2]
	at com.netflix.discovery.shared.transport.decorator.EurekaHttpClientDecorator.cancel(EurekaHttpClientDecorator.java:71) ~[eureka-client-1.9.2.jar:1.9.2]
	at com.netflix.discovery.shared.transport.decorator.EurekaHttpClientDecorator$2.execute(EurekaHttpClientDecorator.java:74) ~[eureka-client-1.9.2.jar:1.9.2]
	at com.netflix.discovery.shared.transport.decorator.SessionedEurekaHttpClient.execute(SessionedEurekaHttpClient.java:77) ~[eureka-client-1.9.2.jar:1.9.2]
	at com.netflix.discovery.shared.transport.decorator.EurekaHttpClientDecorator.cancel(EurekaHttpClientDecorator.java:71) ~[eureka-client-1.9.2.jar:1.9.2]
	at com.netflix.discovery.DiscoveryClient.unregister(DiscoveryClient.java:923) [eureka-client-1.9.2.jar:1.9.2]
	at com.netflix.discovery.DiscoveryClient.shutdown(DiscoveryClient.java:901) [eureka-client-1.9.2.jar:1.9.2]
	at sun.reflect.NativeMethodAccessorImpl.invoke0(Native Method) ~[na:1.8.0_261]
	at sun.reflect.NativeMethodAccessorImpl.invoke(NativeMethodAccessorImpl.java:62) ~[na:1.8.0_261]
	at sun.reflect.DelegatingMethodAccessorImpl.invoke(DelegatingMethodAccessorImpl.java:43) ~[na:1.8.0_261]
	at java.lang.reflect.Method.invoke(Method.java:498) ~[na:1.8.0_261]
	at org.springframework.util.ReflectionUtils.invokeMethod(ReflectionUtils.java:223) [spring-core-5.0.8.RELEASE.jar:5.0.8.RELEASE]
	at org.springframework.cloud.context.scope.GenericScope$LockedScopedProxyFactoryBean.invoke(GenericScope.java:494) [spring-cloud-context-2.0.0.RELEASE.jar:2.0.0.RELEASE]
	at org.springframework.aop.framework.ReflectiveMethodInvocation.proceed(ReflectiveMethodInvocation.java:185) [spring-aop-5.0.8.RELEASE.jar:5.0.8.RELEASE]
	at org.springframework.aop.framework.JdkDynamicAopProxy.invoke(JdkDynamicAopProxy.java:212) [spring-aop-5.0.8.RELEASE.jar:5.0.8.RELEASE]
	at com.sun.proxy.$Proxy131.shutdown(Unknown Source) [na:na]
	at org.springframework.cloud.netflix.eureka.serviceregistry.EurekaRegistration.close(EurekaRegistration.java:207) [spring-cloud-netflix-eureka-client-2.0.0.RELEASE.jar:2.0.0.RELEASE]
	at sun.reflect.NativeMethodAccessorImpl.invoke0(Native Method) ~[na:1.8.0_261]
	at sun.reflect.NativeMethodAccessorImpl.invoke(NativeMethodAccessorImpl.java:62) ~[na:1.8.0_261]
	at sun.reflect.DelegatingMethodAccessorImpl.invoke(DelegatingMethodAccessorImpl.java:43) ~[na:1.8.0_261]
	at java.lang.reflect.Method.invoke(Method.java:498) ~[na:1.8.0_261]
	at org.springframework.beans.factory.support.DisposableBeanAdapter.invokeCustomDestroyMethod(DisposableBeanAdapter.java:337) [spring-beans-5.0.8.RELEASE.jar:5.0.8.RELEASE]
	at org.springframework.beans.factory.support.DisposableBeanAdapter.destroy(DisposableBeanAdapter.java:271) [spring-beans-5.0.8.RELEASE.jar:5.0.8.RELEASE]
	at org.springframework.beans.factory.support.DefaultSingletonBeanRegistry.destroyBean(DefaultSingletonBeanRegistry.java:571) [spring-beans-5.0.8.RELEASE.jar:5.0.8.RELEASE]
	at org.springframework.beans.factory.support.DefaultSingletonBeanRegistry.destroySingleton(DefaultSingletonBeanRegistry.java:543) [spring-beans-5.0.8.RELEASE.jar:5.0.8.RELEASE]
	at org.springframework.beans.factory.support.DefaultListableBeanFactory.destroySingleton(DefaultListableBeanFactory.java:954) [spring-beans-5.0.8.RELEASE.jar:5.0.8.RELEASE]
	at org.springframework.beans.factory.support.DefaultSingletonBeanRegistry.destroySingletons(DefaultSingletonBeanRegistry.java:504) [spring-beans-5.0.8.RELEASE.jar:5.0.8.RELEASE]
	at org.springframework.beans.factory.support.DefaultListableBeanFactory.destroySingletons(DefaultListableBeanFactory.java:961) [spring-beans-5.0.8.RELEASE.jar:5.0.8.RELEASE]
	at org.springframework.context.support.AbstractApplicationContext.destroyBeans(AbstractApplicationContext.java:1041) [spring-context-5.0.8.RELEASE.jar:5.0.8.RELEASE]
	at org.springframework.context.support.AbstractApplicationContext.doClose(AbstractApplicationContext.java:1017) [spring-context-5.0.8.RELEASE.jar:5.0.8.RELEASE]
	at org.springframework.context.support.AbstractApplicationContext$1.run(AbstractApplicationContext.java:937) [spring-context-5.0.8.RELEASE.jar:5.0.8.RELEASE]
2021-01-15 09:17:18 [Thread-28] INFO  com.netflix.discovery.DiscoveryClient -Completed shut down of DiscoveryClient
2021-01-15 09:17:18 [Thread-28] INFO  o.s.jmx.export.annotation.AnnotationMBeanExporter -Unregistering JMX-exposed beans on shutdown
2021-01-15 09:17:18 [Thread-28] INFO  o.s.jmx.export.annotation.AnnotationMBeanExporter -Unregistering JMX-exposed beans
2021-01-15 09:17:19 [Thread-28] INFO  com.alibaba.druid.pool.DruidDataSource -{dataSource-1} closed
